[2015.07.21-05.22.32:199][  0]Log file open, 07/21/15 14:22:32
[2015.07.21-05.22.32:199][  0]LogInit:Display: Running engine for game: Game
[2015.07.21-05.22.32:199][  0]LogInit:Display: RandInit(1876431242) SRandInit(1876431242).
[2015.07.21-05.22.32:199][  0]LogTaskGraph: Started task graph with 4 named threads and 7 total threads.
[2015.07.21-05.22.32:199][  0]LogStats: Stats thread started
[2015.07.21-05.22.32:199][  0]LogInit: Version: 4.8.2-2614606+++depot+UE4-Releases+4.8
[2015.07.21-05.22.32:199][  0]LogInit: API Version: 2579680
[2015.07.21-05.22.32:199][  0]LogInit: Compiled (64-bit): Jul  8 2015 23:43:41
[2015.07.21-05.22.32:199][  0]LogInit: Compiled with Visual C++: 18.00.21005.01
[2015.07.21-05.22.32:199][  0]LogInit: Build Configuration: Development
[2015.07.21-05.22.32:199][  0]LogInit: Branch Name: ++depot+UE4-Releases+4.8
[2015.07.21-05.22.32:199][  0]LogInit: Command line:  
[2015.07.21-05.22.32:199][  0]LogInit: Base directory: C:/Program Files/Epic Games/4.8/Engine/Binaries/Win64/
[2015.07.21-05.22.32:199][  0]LogInit: Rocket: 1
[2015.07.21-05.22.32:213][  0]LogInit: Using libcurl 7.41.0
[2015.07.21-05.22.32:213][  0]LogInit:  - built for x86_64-pc-win32
[2015.07.21-05.22.32:213][  0]LogInit:  - supports SSL with WinSSL
[2015.07.21-05.22.32:213][  0]LogInit:  - other features:
[2015.07.21-05.22.32:213][  0]LogInit:      CURL_VERSION_SSL
[2015.07.21-05.22.32:213][  0]LogInit:      CURL_VERSION_IPV6
[2015.07.21-05.22.32:213][  0]LogInit:      CURL_VERSION_ASYNCHDNS
[2015.07.21-05.22.32:213][  0]LogInit:      CURL_VERSION_LARGEFILE
[2015.07.21-05.22.32:213][  0]LogInit:      CURL_VERSION_IDN
[2015.07.21-05.22.32:213][  0]LogInit:  CurlRequestOptions (configurable via config and command line):
[2015.07.21-05.22.32:213][  0]LogInit:  - bVerifyPeer = true  - Libcurl will verify peer certificate
[2015.07.21-05.22.32:213][  0]LogInit:  - bUseHttpProxy = false  - Libcurl will NOT use HTTP proxy
[2015.07.21-05.22.32:213][  0]LogInit:  - bDontReuseConnections = false  - Libcurl will reuse connections
[2015.07.21-05.22.32:213][  0]LogInit:  - CertBundlePath = nullptr  - Libcurl will use whatever was configured at build time.
[2015.07.21-05.22.32:226][  0]LogOnline:Warning: No default platform service specified for OnlineSubsystem
[2015.07.21-05.22.32:302][  0]LogInit: Presizing for 0 objects not considered by GC, pre-allocating 0 bytes.
[2015.07.21-05.22.32:311][  0]LogInit: Object subsystem initialized
[2015.07.21-05.22.32:312][  0]LogConsoleResponse:Warning: Skipping Unknown console variable: 'TranslucentSortAxis = (X=0.000000,Y=-1.000000,Z=0.000000)'
[2015.07.21-05.22.32:312][  0]LogConsoleResponse:Warning:   Found in ini file 'C:/Users/game/Desktop/GraduationWorksGame/Game/Saved/Config/Windows/Engine.ini', in section '[/Script/Engine.RendererSettings]'
[2015.07.21-05.22.32:312][  0]LogConsoleResponse:Warning: Skipping Unknown console variable: 'UIScaleRule = ShortestSide'
[2015.07.21-05.22.32:312][  0]LogConsoleResponse:Warning:   Found in ini file 'C:/Users/game/Desktop/GraduationWorksGame/Game/Saved/Config/Windows/Engine.ini', in section '[/Script/Engine.RendererSettings]'
[2015.07.21-05.22.32:312][  0]LogConsoleResponse:Warning: Skipping Unknown console variable: 'UIScaleCurve = (EditorCurveData=(Keys=),ExternalCurve=None)'
[2015.07.21-05.22.32:312][  0]LogConsoleResponse:Warning:   Found in ini file 'C:/Users/game/Desktop/GraduationWorksGame/Game/Saved/Config/Windows/Engine.ini', in section '[/Script/Engine.RendererSettings]'
[2015.07.21-05.22.32:312][  0]LogInit: Selected Device Profile: [Windows]
[2015.07.21-05.22.32:312][  0]LogInit: Applying CVar settings loaded from the selected device profile: [Windows]
[2015.07.21-05.22.32:351][  0]LogInit: Computer: MSK-Z01
[2015.07.21-05.22.32:351][  0]LogInit: User: game
[2015.07.21-05.22.32:351][  0]LogInit: CPU Page size=4096, Cores=4
[2015.07.21-05.22.32:351][  0]LogInit: High frequency timer resolution =2.857441 MHz
[2015.07.21-05.22.32:351][  0]LogMemory: Memory total: Physical=8.0GB (8GB approx)
[2015.07.21-05.22.32:352][  0]LogMemory: Platform Memory Stats for Windows
[2015.07.21-05.22.32:352][  0]LogMemory: Process Physical Memory: 51.20 MB used, 51.20 MB peak
[2015.07.21-05.22.32:352][  0]LogMemory: Process Virtual Memory: 26.49 MB used, 26.49 MB peak
[2015.07.21-05.22.32:352][  0]LogMemory: Physical Memory: 3376.16 MB used, 8183.12 MB total
[2015.07.21-05.22.32:352][  0]LogMemory: Virtual Memory: 286.61 MB used, 8388608.00 MB total
[2015.07.21-05.22.32:491][  0]LogTextLocalizationManager: The requested culture ('ja_JP') has no localization data; parent culture's ('ja') localization data will be used.
[2015.07.21-05.22.32:813][  0]LogTextLocalizationManager:Warning: Loaded localization resources contain conflicting entries for (Namespace:ContentBrowser, Key:ImportAssetToolTip):
Localization Resource: (C:/Program Files/Epic Games/4.8/Engine/Content/Localization/Editor/ja/Editor.locres) Source String Hash: (-630476809) Localized String: ({0} にインポート...)
Localization Resource: (C:/Program Files/Epic Games/4.8/Engine/Content/Localization/Editor/ja/Editor.locres) Source String Hash: (1271782899) Localized String: (このフォルダへファイルからアセットをインポート)
[2015.07.21-05.22.32:996][  0]LogWindowsTextInputMethodSystem:Display: IME system now activated using IMM (Google 日本語入力 IMM32 モジュー).
[2015.07.21-05.22.33:244][  0]LogD3D11RHI: Found D3D11 adapter 0: NVIDIA GeForce GTX 650 Ti (Feature Level 11_0)
[2015.07.21-05.22.33:244][  0]LogD3D11RHI: Adapter has 971MB of dedicated video memory, 0MB of dedicated system memory, and 3072MB of shared system memory, 2 output[s]
[2015.07.21-05.22.33:244][  0]LogD3D11RHI: Chosen D3D11 Adapter Id = 0
[2015.07.21-05.22.33:249][  0]LogD3D11RHI: InitD3DDevice
[2015.07.21-05.22.33:249][  0]LogD3D11RHI: !Direct3DDevice
[2015.07.21-05.22.33:249][  0]LogRHI: Texture pool is 680 MB (70% of 971 MB)
[2015.07.21-05.22.33:259][  0]LogD3D11RHI: Async texture creation enabled
[2015.07.21-05.22.33:274][  0]LogShaderCompilers:Display: Using Local Shader Compiler.
[2015.07.21-05.22.34:634][  0]LogTemp:Display: Loaded TP DesktopTargetPlatform
[2015.07.21-05.22.34:651][  0]LogTemp:Display: Loaded TP WindowsClientTargetPlatform
[2015.07.21-05.22.34:668][  0]LogTemp:Display: Loaded TP WindowsNoEditorTargetPlatform
[2015.07.21-05.22.34:685][  0]LogTemp:Display: Loaded TP WindowsServerTargetPlatform
[2015.07.21-05.22.34:704][  0]LogTemp:Display: Loaded TP WindowsTargetPlatform
[2015.07.21-05.22.34:718][  0]LogTemp:Display: Loaded TP AndroidTargetPlatform
[2015.07.21-05.22.34:734][  0]LogTemp:Display: Loaded TP Android_ASTCTargetPlatform
[2015.07.21-05.22.34:749][  0]LogTemp:Display: Loaded TP Android_ATCTargetPlatform
[2015.07.21-05.22.34:764][  0]LogTemp:Display: Loaded TP Android_DXTTargetPlatform
[2015.07.21-05.22.34:779][  0]LogTemp:Display: Loaded TP Android_ETC1TargetPlatform
[2015.07.21-05.22.34:794][  0]LogTemp:Display: Loaded TP Android_ETC2TargetPlatform
[2015.07.21-05.22.34:809][  0]LogTemp:Display: Loaded TP Android_PVRTCTargetPlatform
[2015.07.21-05.22.34:864][  0]LogTemp:Display: Loaded TP IOSTargetPlatform
[2015.07.21-05.22.34:879][  0]LogTemp:Display: Loaded TP LinuxNoEditorTargetPlatform
[2015.07.21-05.22.34:895][  0]LogTemp:Display: Loaded TP LinuxServerTargetPlatform
[2015.07.21-05.22.34:913][  0]LogTemp:Display: Loaded TP LinuxTargetPlatform
[2015.07.21-05.22.34:913][  0]LogTargetPlatformManager:Display: Building Assets For Windows
[2015.07.21-05.22.35:166][  0]LogDerivedDataCache:Display: Max Cache Size: 512 MB
[2015.07.21-05.22.36:122][  0]LogDerivedDataCache: Loaded boot cache 0.96s 61MB C:/Users/game/AppData/Local/UnrealEngine/4.8/DerivedDataCache/Boot.ddc.
[2015.07.21-05.22.36:122][  0]LogDerivedDataCache:Display: Loaded Boot cache: C:/Users/game/AppData/Local/UnrealEngine/4.8/DerivedDataCache/Boot.ddc
[2015.07.21-05.22.36:122][  0]LogDerivedDataCache: FDerivedDataBackendGraph:  Pak pak cache file ../../../../../../Users/game/Desktop/GraduationWorksGame/Game/DerivedDataCache/DDC.ddp not found, will not use a pak cache.
[2015.07.21-05.22.36:122][  0]LogDerivedDataCache: Unable to find inner node Pak for hierarchical cache Hierarchy.
[2015.07.21-05.22.36:122][  0]LogDerivedDataCache: FDerivedDataBackendGraph:  CompressedPak pak cache file ../../../../../../Users/game/Desktop/GraduationWorksGame/Game/DerivedDataCache/Compressed.ddp not found, will not use a pak cache.
[2015.07.21-05.22.36:122][  0]LogDerivedDataCache: Unable to find inner node CompressedPak for hierarchical cache Hierarchy.
[2015.07.21-05.22.36:298][  0]LogDerivedDataCache:Display: Pak cache opened for reading ../../../Engine/DerivedDataCache/Compressed.ddp.
[2015.07.21-05.22.36:312][  0]LogDerivedDataCache: Using Local data cache path C:/Users/game/AppData/Local/UnrealEngine/Common/DerivedDataCache: Writable
[2015.07.21-05.22.36:764][  0]LogInit: Selected Device Profile: [Windows]
[2015.07.21-05.22.36:775][  0]ImportText (ComponentSweepMultiTests): Missing closing parenthesis: (RootShapeAsset="/Engine/BasicShapes/Cube.Cube",ShapeType="TriggerCapsule",HitResult=(Time=0.50,Location=(X=-100.000015,Y=0.0,Z=100.000015),ImpactPoint=(X=-50.0,Y=0.0,Z=50.0),Normal=(X=-1.0,Y=-0.0,Z=0.0),ImpactNormal=(X=0.0,Y=0.0,Z=1.0),TraceStart=(X=-200.0,Y=0.0,Z=200.0),TraceEnd=(X=0.0,Y=0.0,Z=0.0))
[2015.07.21-05.22.36:776][  0]ImportText (LineTraceSingleByChannelTests): Missing closing parenthesis: (RootShapeAsset="/Engine/BasicShapes/Cube.Cube",HitResult=(Time=0.50,Location=(X=-100.000015,Y=0.0,Z=100.000015),ImpactPoint=(X=-50.0,Y=0.0,Z=50.0),Normal=(X=-1.0,Y=-0.0,Z=0.0),ImpactNormal=(X=0.0,Y=0.0,Z=1.0),TraceStart=(X=-200.0,Y=0.0,Z=200.0),TraceEnd=(X=0.0,Y=0.0,Z=0.0))
[2015.07.21-05.22.36:809][  0]LogMeshUtilities: No automatic mesh reduction module available
[2015.07.21-05.22.36:809][  0]LogMeshUtilities: No automatic mesh merging module available
[2015.07.21-05.22.37:357][  0]LogInit: WinSock: version 1.1 (2.2), MaxSocks=32767, MaxUdp=65467
[2015.07.21-05.22.39:287][  0]UdpMessaging: Initializing bridge on interface 0.0.0.0:0 to multicast group 230.0.0.1:6666.
[2015.07.21-05.22.40:153][  0]SourceControl: 情報 ソースコントロールは無効です
[2015.07.21-05.22.40:164][  0]SourceControl: 情報 ソースコントロールは無効です
[2015.07.21-05.22.40:175][  0]SourceControl: 情報 ソースコントロールは無効です
[2015.07.21-05.22.40:186][  0]SourceControl: 情報 ソースコントロールは無効です
[2015.07.21-05.22.40:478][  0]LogObj: 31317 objects as part of root set at end of initial load.
[2015.07.21-05.22.40:478][  0]LogUObjectAllocator: 7178448 out of 0 bytes used by permanent object pool.
[2015.07.21-05.22.40:562][  0]LogEngine: Initializing Engine...
[2015.07.21-05.22.40:564][  0]LogHMD: Can't find Oculus library dev build: is proper Runtime installed? Version: 0.6.0.0
[2015.07.21-05.22.40:567][  0]LogHMD:Warning: SteamVR failed to initialize.  Error: 110
[2015.07.21-05.22.40:760][  0]LogAIModule: Creating AISystem for world NewWorld
[2015.07.21-05.22.40:774][  0]LogInit: XAudio2 using 'スピーカー (USB Sound Device        )' : 2 channels at 44.1 kHz using 16 bits per sample (channel mask 0x3)
[2015.07.21-05.22.40:795][  0]LogInit: FAudioDevice initialized.
[2015.07.21-05.22.40:833][  0]LogDerivedDataCache: Saved boot cache 0.04s 61MB C:/Users/game/AppData/Local/UnrealEngine/4.8/DerivedDataCache/Boot.ddc.
[2015.07.21-05.22.40:846][  0]LogInit: Texture streaming: Disabled
[2015.07.21-05.22.40:872][  0]LogAnalytics: Creating configured Analytics provider AnalyticsET
[2015.07.21-05.22.40:873][  0]LogAnalytics: [UEEditor.Rocket.Release] APIServer = http://et2.epicgames.com/ET2/. AppVersion = 4.8.2-2614606+++depot+UE4-Releases+4.8
[2015.07.21-05.22.40:873][  0]LogAnalytics: [UEEditor.Rocket.Release] SetUserId 1c054e6e4798cf05c44a739bf134d34b|4eb5ef1347ee4113bf7f375376ea57da|c2ac3d04-6d40-41c8-829c-a87c49c28242
[2015.07.21-05.22.40:873][  0]LogAnalytics: [UEEditor.Rocket.Release] AnalyticsET::StartSession
[2015.07.21-05.22.40:932][  0]LogInit: Transaction tracking system initialized
[2015.07.21-05.22.41:075][  0]BlueprintLog: New page: エディタの読み込み
[2015.07.21-05.22.41:112][  0]LogAssetRegistry: FAssetRegistry took 0.0102 seconds to start up
[2015.07.21-05.22.41:112][  0]LogDirectoryWatcher:Warning: Failed to begin reading directory changes for ../../../Engine/Plugins/Experimental/CharacterAI/Content/. Error: 0
[2015.07.21-05.22.42:604][  0]LogConsoleManager:Warning: Console variable 'r.VSync' wasn't set ('GameSetting' has a lower priority than 'SystemSettingsIni')
[2015.07.21-05.22.42:604][  0]LogConsoleResponse:Display: 
[2015.07.21-05.22.42:794][  0]LogCook:Display: Done creating registry. It took  0.00s.
[2015.07.21-05.22.43:061][  0]SourceControl: 情報 ソースコントロールは無効です
[2015.07.21-05.22.43:061][  0]Cmd: MAP LOAD FILE="../../../../../../Users/game/Desktop/GraduationWorksGame/Game/Content/FirstPerson/Maps/FirstPersonExampleMap.umap" TEMPLATE=0 SHOWPROGRESS=1 FEATURELEVEL=3
[2015.07.21-05.22.43:062][  0]LightingResults: New page: ライティングのビルド
[2015.07.21-05.22.43:076][  0]MapCheck: New page: マップをチェック
[2015.07.21-05.22.43:076][  0]LightingResults: New page: <何も選択されていません>
[2015.07.21-05.22.43:090][  0]LogParticles: Destroying 0 GPU particle simulations for FXSystem 0x000000001B7B62A0
[2015.07.21-05.22.44:301][  0]LogAIModule: Creating AISystem for world FirstPersonExampleMap
[2015.07.21-05.22.44:314][  0]LogEditorServer: Finished looking for orphan Actors (0.000 secs)
[2015.07.21-05.22.45:887][  0]Cmd: MAP CHECKDEP NOCLEARLOG
[2015.07.21-05.22.45:980][  0]MapCheck: 情報 マップチェックが完了: 0 エラー、 0 警告、完了に 92.221ミリ秒かかりました。
[2015.07.21-05.22.45:980][  0]LogFileHelpers: Loading map 'FirstPersonExampleMap' took 2.919
[2015.07.21-05.22.46:121][  0]LogCollectionManager: Loaded 0 collections in 0.002058 seconds
[2015.07.21-05.22.46:145][  0]LogContentBrowser: Native class hierarchy populated in 0.0235 seconds. Added 1796 classes and 303 folders.
[2015.07.21-05.22.46:211][  0]LogContentBrowser: Native class hierarchy updated for 'WidgetCarousel' in 0.0153 seconds. Added 0 classes and 0 folders.
[2015.07.21-05.22.46:270][  0]LogContentBrowser: Native class hierarchy updated for 'AddContentDialog' in 0.0151 seconds. Added 0 classes and 0 folders.
[2015.07.21-05.22.46:303][  0]LogContentBrowser: Native class hierarchy updated for 'SceneOutliner' in 0.0154 seconds. Added 1 classes and 2 folders.
[2015.07.21-05.22.46:349][  0]LogCrashTracker: Crashtracker disabled due to settings.
[2015.07.21-05.22.46:350][  0]LogD3D11RHI: InitD3DDevice
[2015.07.21-05.22.46:353][  0]LogUObjectGlobals:Warning: オブジェクト 'Class なし.' が見つかりませんでした
[2015.07.21-05.22.46:374][  0]LogLoad: Full Startup: 16.62 seconds (BP compile: 0.34 seconds)
[2015.07.21-05.22.46:443][  0]LogContentStreaming: Texture pool size is 0.000000MB
[2015.07.21-05.22.46:482][  0]LogContentStreaming: Texture pool size now 1000 MB
[2015.07.21-05.22.46:639][  0]LogRenderer: Reallocating scene render targets to support 928x576 (Frame:2).
[2015.07.21-05.22.47:732][ 10]LogAssetRegistry: Asset discovery search completed in 6.6308 seconds
[2015.07.21-05.28.11:346][415]LogD3D11RHI: InitD3DDevice
[2015.07.21-05.28.22:442][ 68]Cmd: QUIT_EDITOR
[2015.07.21-05.28.22:809][ 68]LogExit: Preparing to exit.
[2015.07.21-05.28.23:418][ 68]LogExit: Editor shut down
[2015.07.21-05.28.23:418][ 68]LogExit: Transaction tracking system shut down
[2015.07.21-05.28.23:419][ 68]LogParticles: Destroying 0 GPU particle simulations for FXSystem 0x000000000EB97740
[2015.07.21-05.28.23:419][ 68]LogParticles: Destroying 0 GPU particle simulations for FXSystem 0x0000000019BFEFC0
[2015.07.21-05.28.23:744][ 68]LogExit: Object subsystem successfully closed.
[2015.07.21-05.28.23:758][ 68]LogD3D11RHI: Shutdown
[2015.07.21-05.28.23:758][ 68]LogD3D11RHI: CleanupD3DDevice
[2015.07.21-05.28.23:799][ 68]LogD3D11RHI: ~FD3D11DynamicRHI
[2015.07.21-05.28.23:820][ 68]LogModuleManager: Shutting down and abandoning module CrashTracker (189)
[2015.07.21-05.28.23:820][ 68]LogModuleManager: Shutting down and abandoning module SceneOutliner (188)
[2015.07.21-05.28.23:820][ 68]LogModuleManager: Shutting down and abandoning module SuperSearch (187)
[2015.07.21-05.28.23:820][ 68]LogModuleManager: Shutting down and abandoning module WidgetCarousel (186)
[2015.07.21-05.28.23:821][ 68]LogModuleManager: Shutting down and abandoning module AddContentDialog (185)
[2015.07.21-05.28.23:822][ 68]LogModuleManager: Shutting down and abandoning module EditorWidgets (184)
[2015.07.21-05.28.23:822][ 68]LogModuleManager: Shutting down and abandoning module CollectionManager (183)
[2015.07.21-05.28.23:822][ 68]LogModuleManager: Shutting down and abandoning module StatsViewer (182)
[2015.07.21-05.28.23:822][ 68]LogModuleManager: Shutting down and abandoning module FoliageEdit (181)
[2015.07.21-05.28.23:822][ 68]LogModuleManager: Shutting down and abandoning module LandscapeEditor (180)
[2015.07.21-05.28.23:822][ 68]LogModuleManager: Shutting down and abandoning module ActorPickerMode (179)
[2015.07.21-05.28.23:822][ 68]LogModuleManager: Shutting down and abandoning module GeometryMode (178)
[2015.07.21-05.28.23:822][ 68]LogModuleManager: Shutting down and abandoning module TextureAlignMode (177)
[2015.07.21-05.28.23:822][ 68]LogModuleManager: Shutting down and abandoning module BspMode (176)
[2015.07.21-05.28.23:822][ 68]LogModuleManager: Shutting down and abandoning module PlacementMode (175)
[2015.07.21-05.28.23:822][ 68]LogModuleManager: Shutting down and abandoning module AutomationWorker (174)
[2015.07.21-05.28.23:822][ 68]LogModuleManager: Shutting down and abandoning module CharacterAI (173)
[2015.07.21-05.28.23:822][ 68]LogModuleManager: Shutting down and abandoning module SmartSnapping (172)
[2015.07.21-05.28.23:822][ 68]LogModuleManager: Shutting down and abandoning module ViewportSnapping (171)
[2015.07.21-05.28.23:822][ 68]LogModuleManager: Shutting down and abandoning module LogVisualizer (170)
[2015.07.21-05.28.23:822][ 68]LogModuleManager: Shutting down and abandoning module GameProjectGeneration (169)
[2015.07.21-05.28.23:822][ 68]LogModuleManager: Shutting down and abandoning module IntroTutorials (168)
[2015.07.21-05.28.23:822][ 68]LogModuleManager: Shutting down and abandoning module EditorLiveStreaming (167)
[2015.07.21-05.28.23:823][ 68]LogModuleManager: Shutting down and abandoning module IOSPlatformEditor (166)
[2015.07.21-05.28.23:823][ 68]LogModuleManager: Shutting down and abandoning module HTML5PlatformEditor (165)
[2015.07.21-05.28.23:823][ 68]LogModuleManager: Shutting down and abandoning module AndroidDeviceDetection (164)
[2015.07.21-05.28.24:377][ 68]LogModuleManager: Shutting down and abandoning module AndroidPlatformEditor (163)
[2015.07.21-05.28.24:377][ 68]LogModuleManager: Shutting down and abandoning module IOSRuntimeSettings (162)
[2015.07.21-05.28.24:377][ 68]LogModuleManager: Shutting down and abandoning module AndroidRuntimeSettings (161)
[2015.07.21-05.28.24:377][ 68]LogModuleManager: Shutting down and abandoning module MergeActors (160)
[2015.07.21-05.28.24:377][ 68]LogModuleManager: Shutting down and abandoning module SizeMap (159)
[2015.07.21-05.28.24:377][ 68]LogModuleManager: Shutting down and abandoning module TreeMap (158)
[2015.07.21-05.28.24:377][ 68]LogModuleManager: Shutting down and abandoning module ReferenceViewer (157)
[2015.07.21-05.28.24:377][ 68]LogModuleManager: Shutting down and abandoning module LocalizationDashboard (156)
[2015.07.21-05.28.24:377][ 68]LogModuleManager: Shutting down and abandoning module HardwareTargeting (155)
[2015.07.21-05.28.24:377][ 68]LogModuleManager: Shutting down and abandoning module DeviceProfileEditor (154)
[2015.07.21-05.28.24:377][ 68]LogModuleManager: Shutting down and abandoning module UndoHistory (153)
[2015.07.21-05.28.24:377][ 68]LogModuleManager: Shutting down and abandoning module GameplayTagsEditor (152)
[2015.07.21-05.28.24:377][ 68]LogModuleManager: Shutting down and abandoning module UserFeedback (151)
[2015.07.21-05.28.24:377][ 68]LogModuleManager: Shutting down and abandoning module XmlParser (150)
[2015.07.21-05.28.24:377][ 68]LogModuleManager: Shutting down and abandoning module Blutility (149)
[2015.07.21-05.28.24:377][ 68]LogModuleManager: Shutting down and abandoning module ProjectTargetPlatformEditor (148)
[2015.07.21-05.28.24:377][ 68]LogModuleManager: Shutting down and abandoning module ProjectSettingsViewer (147)
[2015.07.21-05.28.24:377][ 68]LogModuleManager: Shutting down and abandoning module InputBindingEditor (146)
[2015.07.21-05.28.24:378][ 68]LogModuleManager: Shutting down and abandoning module EditorSettingsViewer (145)
[2015.07.21-05.28.24:378][ 68]LogModuleManager: Shutting down and abandoning module SettingsEditor (144)
[2015.07.21-05.28.24:378][ 68]LogModuleManager: Shutting down and abandoning module ProjectLauncher (143)
[2015.07.21-05.28.24:378][ 68]LogModuleManager: Shutting down and abandoning module SessionFrontend (142)
[2015.07.21-05.28.24:378][ 68]LogModuleManager: Shutting down and abandoning module ProfilerClient (141)
[2015.07.21-05.28.24:378][ 68]LogModuleManager: Shutting down and abandoning module TargetDeviceServices (140)
[2015.07.21-05.28.24:378][ 68]LogModuleManager: Shutting down and abandoning module DeviceManager (139)
[2015.07.21-05.28.24:378][ 68]LogModuleManager: Shutting down and abandoning module AutomationController (138)
[2015.07.21-05.28.24:378][ 68]LogModuleManager: Shutting down and abandoning module AutomationWindow (137)
[2015.07.21-05.28.24:378][ 68]LogModuleManager: Shutting down and abandoning module Layers (136)
[2015.07.21-05.28.24:378][ 68]LogModuleManager: Shutting down and abandoning module ComponentVisualizers (135)
[2015.07.21-05.28.24:378][ 68]LogModuleManager: Shutting down and abandoning module DetailCustomizations (134)
[2015.07.21-05.28.24:378][ 68]LogModuleManager: Shutting down and abandoning module PackagesDialog (133)
[2015.07.21-05.28.24:378][ 68]LogModuleManager: Shutting down and abandoning module AssetRegistry (132)
[2015.07.21-05.28.24:484][ 68]LogModuleManager: Shutting down and abandoning module Persona (131)
[2015.07.21-05.28.24:484][ 68]LogModuleManager: Shutting down and abandoning module Kismet (130)
[2015.07.21-05.28.24:484][ 68]LogModuleManager: Shutting down and abandoning module GraphEditor (129)
[2015.07.21-05.28.24:484][ 68]LogModuleManager: Shutting down and abandoning module ClassViewer (128)
[2015.07.21-05.28.24:484][ 68]LogModuleManager: Shutting down and abandoning module Toolbox (127)
[2015.07.21-05.28.24:484][ 68]LogModuleManager: Shutting down and abandoning module ModuleUI (126)
[2015.07.21-05.28.24:484][ 68]LogModuleManager: Shutting down and abandoning module MovieSceneTools (125)
[2015.07.21-05.28.24:484][ 68]LogModuleManager: Shutting down and abandoning module OutputLog (124)
[2015.07.21-05.28.24:484][ 68]LogModuleManager: Shutting down and abandoning module GammaUI (123)
[2015.07.21-05.28.24:484][ 68]LogModuleManager: Shutting down and abandoning module Documentation (122)
[2015.07.21-05.28.24:484][ 68]LogModuleManager: Shutting down and abandoning module GameLiveStreaming (121)
[2015.07.21-05.28.24:484][ 68]LogModuleManager: Shutting down and abandoning module StreamingPauseRendering (120)
[2015.07.21-05.28.24:484][ 68]LogModuleManager: Shutting down and abandoning module AnalyticsET (119)
[2015.07.21-05.28.24:484][ 68]LogModuleManager: Shutting down and abandoning module Analytics (118)
[2015.07.21-05.28.24:484][ 68]LogModuleManager: Shutting down and abandoning module AITestSuite (117)
[2015.07.21-05.28.24:484][ 68]LogModuleManager: Shutting down and abandoning module GameplayDebugger (116)
[2015.07.21-05.28.24:484][ 68]LogModuleManager: Shutting down and abandoning module AIModule (115)
[2015.07.21-05.28.24:484][ 68]LogModuleManager: Shutting down and abandoning module ProfilerService (114)
[2015.07.21-05.28.24:532][ 68]LogModuleManager: Shutting down and abandoning module TaskGraph (113)
[2015.07.21-05.28.24:532][ 68]LogModuleManager: Shutting down and abandoning module SlateRemote (112)
[2015.07.21-05.28.24:532][ 68]LogModuleManager: Shutting down and abandoning module SteamVRController (111)
[2015.07.21-05.28.24:532][ 68]LogModuleManager: Shutting down and abandoning module SteamVR (110)
[2015.07.21-05.28.24:532][ 68]LogModuleManager: Shutting down and abandoning module ProceduralMeshComponent (109)
[2015.07.21-05.28.24:532][ 68]LogModuleManager: Shutting down and abandoning module OculusRift (108)
[2015.07.21-05.28.24:532][ 68]LogModuleManager: Shutting down and abandoning module LeapMotionController (107)
[2015.07.21-05.28.24:540][ 68]LogModuleManager: Shutting down and abandoning module CustomMeshComponent (106)
[2015.07.21-05.28.24:540][ 68]LogModuleManager: Shutting down and abandoning module CableComponent (105)
[2015.07.21-05.28.24:540][ 68]LogModuleManager: Shutting down and abandoning module MessagingDebugger (104)
[2015.07.21-05.28.24:540][ 68]LogModuleManager: Shutting down and abandoning module MediaPlayerEditor (103)
[2015.07.21-05.28.24:540][ 68]LogModuleManager: Shutting down and abandoning module SpeedTreeImporter (102)
[2015.07.21-05.28.24:540][ 68]LogModuleManager: Shutting down and abandoning module PluginBrowser (101)
[2015.07.21-05.28.24:540][ 68]LogModuleManager: Shutting down and abandoning module EpicSurvey (100)
[2015.07.21-05.28.24:540][ 68]LogModuleManager: Shutting down and abandoning module DesktopPlatform (99)
[2015.07.21-05.28.24:540][ 68]LogModuleManager: Shutting down and abandoning module VisualStudioSourceCodeAccess (98)
[2015.07.21-05.28.24:541][ 68]LogModuleManager: Shutting down and abandoning module UObjectPlugin (97)
[2015.07.21-05.28.24:541][ 68]LogModuleManager: Shutting down and abandoning module SubversionSourceControl (96)
[2015.07.21-05.28.24:541][ 68]LogModuleManager: Shutting down and abandoning module PerforceSourceControl (95)
[2015.07.21-05.28.24:541][ 68]LogModuleManager: Shutting down and abandoning module SourceControl (94)
[2015.07.21-05.28.24:541][ 68]LogModuleManager: Shutting down and abandoning module GitSourceControl (93)
[2015.07.21-05.28.24:541][ 68]LogModuleManager: Shutting down and abandoning module BlankPlugin (92)
[2015.07.21-05.28.24:541][ 68]LogModuleManager: Shutting down and abandoning module PaperTiledImporter (91)
[2015.07.21-05.28.24:541][ 68]LogModuleManager: Shutting down and abandoning module PaperSpriteSheetImporter (90)
[2015.07.21-05.28.24:541][ 68]LogModuleManager: Shutting down and abandoning module MeshPaint (89)
[2015.07.21-05.28.24:541][ 68]LogModuleManager: Shutting down and abandoning module SlateReflector (88)
[2015.07.21-05.28.24:541][ 68]LogModuleManager: Shutting down and abandoning module DirectoryWatcher (87)
[2015.07.21-05.28.24:541][ 68]LogModuleManager: Shutting down and abandoning module HotReload (86)
[2015.07.21-05.28.24:541][ 68]LogModuleManager: Shutting down and abandoning module MainFrame (85)
[2015.07.21-05.28.24:541][ 68]LogModuleManager: Shutting down and abandoning module LevelEditor (84)
[2015.07.21-05.28.24:542][ 68]LogModuleManager: Shutting down and abandoning module ContentBrowser (83)
[2015.07.21-05.28.24:543][ 68]LogModuleManager: Shutting down and abandoning module Paper2DEditor (82)
[2015.07.21-05.28.24:543][ 68]LogModuleManager: Shutting down and abandoning module Game (81)
[2015.07.21-05.28.24:543][ 68]LogModuleManager: Shutting down and abandoning module UdpMessaging (80)
[2015.07.21-05.28.24:643][ 68]LogModuleManager: Shutting down and abandoning module Paper2D (79)
[2015.07.21-05.28.24:643][ 68]LogModuleManager: Shutting down and abandoning module WindowsMoviePlayer (78)
[2015.07.21-05.28.24:646][ 68]LogModuleManager: Shutting down and abandoning module Media (77)
[2015.07.21-05.28.24:646][ 68]LogModuleManager: Shutting down and abandoning module WmfMedia (76)
[2015.07.21-05.28.24:646][ 68]LogModuleManager: Shutting down and abandoning module OnlineBlueprintSupport (75)
[2015.07.21-05.28.24:646][ 68]LogModuleManager: Shutting down and abandoning module PropertyEditor (74)
[2015.07.21-05.28.24:646][ 68]LogModuleManager: Shutting down and abandoning module BehaviorTreeEditor (73)
[2015.07.21-05.28.24:646][ 68]LogModuleManager: Shutting down and abandoning module FunctionalTesting (72)
[2015.07.21-05.28.24:646][ 68]LogModuleManager: Shutting down and abandoning module CollisionAnalyzer (71)
[2015.07.21-05.28.24:646][ 68]LogModuleManager: Shutting down and abandoning module WorkspaceMenuStructure (70)
[2015.07.21-05.28.24:646][ 68]LogModuleManager: Shutting down and abandoning module MessageLog (69)
[2015.07.21-05.28.24:646][ 68]LogModuleManager: Shutting down and abandoning module Sequencer (68)
[2015.07.21-05.28.24:646][ 68]LogModuleManager: Shutting down and abandoning module AssetTools (67)
[2015.07.21-05.28.24:646][ 68]LogModuleManager: Shutting down and abandoning module UMGEditor (66)
[2015.07.21-05.28.24:646][ 68]LogModuleManager: Shutting down and abandoning module UMG (65)
[2015.07.21-05.28.24:646][ 68]LogModuleManager: Shutting down and abandoning module Slate (64)
[2015.07.21-05.28.24:646][ 68]LogModuleManager: Shutting down and abandoning module EditorStyle (63)
[2015.07.21-05.28.24:649][ 68]LogModuleManager: Shutting down and abandoning module SessionServices (62)
[2015.07.21-05.28.24:649][ 68]LogModuleManager: Shutting down and abandoning module SourceCodeAccess (61)
[2015.07.21-05.28.24:649][ 68]LogModuleManager: Shutting down and abandoning module HeadMountedDisplay (60)
[2015.07.21-05.28.24:649][ 68]LogModuleManager: Shutting down and abandoning module XAudio2 (59)
[2015.07.21-05.28.24:649][ 68]LogModuleManager: Shutting down and abandoning module Networking (57)
[2015.07.21-05.28.24:649][ 68]LogModuleManager: Shutting down and abandoning module Core (56)
[2015.07.21-05.28.24:649][ 68]LogModuleManager: Shutting down and abandoning module KismetCompiler (55)
[2015.07.21-05.28.24:649][ 68]LogModuleManager: Shutting down and abandoning module PhysXFormats (54)
[2015.07.21-05.28.24:649][ 68]LogModuleManager: Shutting down and abandoning module MeshUtilities (53)
[2015.07.21-05.28.24:649][ 68]LogModuleManager: Shutting down and abandoning module DerivedDataCache (52)
[2015.07.21-05.28.24:725][ 68]LogDerivedDataCache: Shutdown
[2015.07.21-05.28.24:725][ 68]LogModuleManager: Shutting down and abandoning module ShaderFormatOpenGL (51)
[2015.07.21-05.28.24:725][ 68]LogModuleManager: Shutting down and abandoning module ShaderFormatD3D (50)
[2015.07.21-05.28.24:725][ 68]LogModuleManager: Shutting down and abandoning module MetalShaderFormat (49)
[2015.07.21-05.28.24:725][ 68]LogModuleManager: Shutting down and abandoning module TextureFormatUncompressed (48)
[2015.07.21-05.28.24:725][ 68]LogModuleManager: Shutting down and abandoning module TextureFormatPVR (47)
[2015.07.21-05.28.24:725][ 68]LogModuleManager: Shutting down and abandoning module TextureFormatIntelISPCTexComp (46)
[2015.07.21-05.28.24:725][ 68]LogModuleManager: Shutting down and abandoning module TextureFormatDXT (45)
[2015.07.21-05.28.24:725][ 68]LogModuleManager: Shutting down and abandoning module ImageWrapper (44)
[2015.07.21-05.28.24:725][ 68]LogModuleManager: Shutting down and abandoning module TextureFormatASTC (43)
[2015.07.21-05.28.24:725][ 68]LogModuleManager: Shutting down and abandoning module TextureFormatAndroid (42)
[2015.07.21-05.28.24:725][ 68]LogModuleManager: Shutting down and abandoning module AudioFormatOpus (41)
[2015.07.21-05.28.24:725][ 68]LogModuleManager: Shutting down and abandoning module AudioFormatOgg (40)
[2015.07.21-05.28.24:725][ 68]LogModuleManager: Shutting down and abandoning module AudioFormatADPCM (39)
[2015.07.21-05.28.24:725][ 68]LogModuleManager: Shutting down and abandoning module LinuxTargetPlatform (38)
[2015.07.21-05.28.24:725][ 68]LogModuleManager: Shutting down and abandoning module LinuxServerTargetPlatform (37)
[2015.07.21-05.28.24:725][ 68]LogModuleManager: Shutting down and abandoning module LinuxNoEditorTargetPlatform (36)
[2015.07.21-05.28.24:725][ 68]LogModuleManager: Shutting down and abandoning module Messaging (35)
[2015.07.21-05.28.24:725][ 68]LogModuleManager: Shutting down and abandoning module IOSTargetPlatform (34)
[2015.07.21-05.28.24:725][ 68]LogModuleManager: Shutting down and abandoning module HTML5TargetPlatform (33)
[2015.07.21-05.28.24:725][ 68]LogModuleManager: Shutting down and abandoning module Android_PVRTCTargetPlatform (32)
[2015.07.21-05.28.24:725][ 68]LogModuleManager: Shutting down and abandoning module Android_ETC2TargetPlatform (31)
[2015.07.21-05.28.24:725][ 68]LogModuleManager: Shutting down and abandoning module Android_ETC1TargetPlatform (30)
[2015.07.21-05.28.24:726][ 68]LogModuleManager: Shutting down and abandoning module Android_DXTTargetPlatform (29)
[2015.07.21-05.28.24:726][ 68]LogModuleManager: Shutting down and abandoning module Android_ATCTargetPlatform (28)
[2015.07.21-05.28.24:726][ 68]LogModuleManager: Shutting down and abandoning module Android_ASTCTargetPlatform (27)
[2015.07.21-05.28.24:726][ 68]LogModuleManager: Shutting down and abandoning module AndroidTargetPlatform (26)
[2015.07.21-05.28.24:726][ 68]LogModuleManager: Shutting down and abandoning module WindowsTargetPlatform (25)
[2015.07.21-05.28.24:726][ 68]LogModuleManager: Shutting down and abandoning module WindowsServerTargetPlatform (24)
[2015.07.21-05.28.24:726][ 68]LogModuleManager: Shutting down and abandoning module WindowsNoEditorTargetPlatform (23)
[2015.07.21-05.28.24:726][ 68]LogModuleManager: Shutting down and abandoning module WindowsClientTargetPlatform (22)
[2015.07.21-05.28.24:726][ 68]LogModuleManager: Shutting down and abandoning module DesktopTargetPlatform (21)
[2015.07.21-05.28.24:726][ 68]LogModuleManager: Shutting down and abandoning module TargetPlatform (20)
[2015.07.21-05.28.24:726][ 68]LogModuleManager: Shutting down and abandoning module InputCore (19)
[2015.07.21-05.28.24:726][ 68]LogModuleManager: Shutting down and abandoning module Settings (18)
[2015.07.21-05.28.24:726][ 68]LogModuleManager: Shutting down and abandoning module OnlineSubsystem (16)
[2015.07.21-05.28.24:726][ 68]LogModuleManager: Shutting down and abandoning module HTTP (15)
[2015.07.21-05.28.24:726][ 68]LogModuleManager: Shutting down and abandoning module ExampleDeviceProfileSelector (14)
[2015.07.21-05.28.24:726][ 68]LogModuleManager: Shutting down and abandoning module TextureCompressor (13)
[2015.07.21-05.28.24:726][ 68]LogModuleManager: Shutting down and abandoning module ShaderCore (12)
[2015.07.21-05.28.24:726][ 68]LogModuleManager: Shutting down and abandoning module Landscape (11)
[2015.07.21-05.28.24:726][ 68]LogModuleManager: Shutting down and abandoning module SlateRHIRenderer (10)
[2015.07.21-05.28.24:729][ 68]LogModuleManager: Shutting down and abandoning module OpenGLDrv (9)
[2015.07.21-05.28.24:729][ 68]LogModuleManager: Shutting down and abandoning module D3D11RHI (8)
[2015.07.21-05.28.24:729][ 68]LogModuleManager: Shutting down and abandoning module Renderer (7)
[2015.07.21-05.28.24:729][ 68]LogModuleManager: Shutting down and abandoning module Engine (6)
[2015.07.21-05.28.24:729][ 68]LogModuleManager: Shutting down and abandoning module CoreUObject (5)
[2015.07.21-05.28.24:729][ 68]LogModuleManager: Shutting down and abandoning module NetworkFile (4)
[2015.07.21-05.28.24:729][ 68]LogModuleManager: Shutting down and abandoning module StreamingFile (3)
[2015.07.21-05.28.24:729][ 68]LogModuleManager: Shutting down and abandoning module SandboxFile (2)
[2015.07.21-05.28.24:729][ 68]LogModuleManager: Shutting down and abandoning module PakFile (1)
[2015.07.21-05.28.24:730][ 68]LogExit: Exiting.
[2015.07.21-05.28.24:732][ 68]Log file closed, 07/21/15 14:28:24
